<?xml version="1.0" encoding="UTF-8"?>
<coverage generated="1733768003137" clover="3.2.0">
  <project timestamp="1733768003138" name="All files">
    <metrics statements="20" coveredstatements="20" conditionals="10" coveredconditionals="9" methods="3" coveredmethods="3" elements="33" coveredelements="32" complexity="0" loc="20" ncloc="20" packages="1" files="1" classes="1"/>
    <file name="isPalindrome.js" path="/Users/duncan/Desktop/repos/practice/palindrome-checker/isPalindrome.js">
      <metrics statements="20" coveredstatements="20" conditionals="10" coveredconditionals="9" methods="3" coveredmethods="3"/>
      <line num="24" count="1" type="stmt"/>
      <line num="25" count="13" type="cond" truecount="2" falsecount="0"/>
      <line num="26" count="1" type="stmt"/>
      <line num="29" count="12" type="stmt"/>
      <line num="30" count="1" type="cond" truecount="1" falsecount="1"/>
      <line num="33" count="12" type="cond" truecount="4" falsecount="0"/>
      <line num="34" count="1" type="stmt"/>
      <line num="37" count="11" type="stmt"/>
      <line num="38" count="11" type="stmt"/>
      <line num="41" count="11" type="stmt"/>
      <line num="42" count="11" type="stmt"/>
      <line num="43" count="11" type="stmt"/>
      <line num="45" count="11" type="stmt"/>
      <line num="46" count="11" type="stmt"/>
      <line num="47" count="11" type="stmt"/>
      <line num="48" count="11" type="cond" truecount="2" falsecount="0"/>
      <line num="49" count="3" type="stmt"/>
      <line num="51" count="8" type="stmt"/>
      <line num="57" count="1" type="stmt"/>
      <line num="59" count="1" type="stmt"/>
    </file>
  </project>
</coverage>
