{"/Users/duncan/Desktop/repos/practice/palindrome-checker/isPalindrome.js": {"path":"/Users/duncan/Desktop/repos/practice/palindrome-checker/isPalindrome.js","statementMap":{"0":{"start":{"line":24,"column":21},"end":{"line":54,"column":1}},"1":{"start":{"line":25,"column":2},"end":{"line":27,"column":3}},"2":{"start":{"line":26,"column":4},"end":{"line":26,"column":17}},"3":{"start":{"line":29,"column":19},"end":{"line":31,"column":3}},"4":{"start":{"line":30,"column":4},"end":{"line":30,"column":57}},"5":{"start":{"line":33,"column":2},"end":{"line":35,"column":3}},"6":{"start":{"line":34,"column":4},"end":{"line":34,"column":16}},"7":{"start":{"line":37,"column":21},"end":{"line":39,"column":3}},"8":{"start":{"line":38,"column":4},"end":{"line":38,"column":45}},"9":{"start":{"line":41,"column":2},"end":{"line":41,"column":26}},"10":{"start":{"line":42,"column":21},"end":{"line":42,"column":22}},"11":{"start":{"line":43,"column":19},"end":{"line":43,"column":34}},"12":{"start":{"line":45,"column":2},"end":{"line":53,"column":3}},"13":{"start":{"line":46,"column":4},"end":{"line":46,"column":19}},"14":{"start":{"line":47,"column":4},"end":{"line":47,"column":17}},"15":{"start":{"line":48,"column":4},"end":{"line":52,"column":5}},"16":{"start":{"line":49,"column":6},"end":{"line":49,"column":19}},"17":{"start":{"line":51,"column":6},"end":{"line":51,"column":18}},"18":{"start":{"line":57,"column":0},"end":{"line":57,"column":40}},"19":{"start":{"line":59,"column":0},"end":{"line":59,"column":30}}},"fnMap":{"0":{"name":"(anonymous_0)","decl":{"start":{"line":24,"column":21},"end":{"line":24,"column":22}},"loc":{"start":{"line":24,"column":31},"end":{"line":54,"column":1}},"line":24},"1":{"name":"(anonymous_1)","decl":{"start":{"line":29,"column":19},"end":{"line":29,"column":20}},"loc":{"start":{"line":29,"column":29},"end":{"line":31,"column":3}},"line":29},"2":{"name":"(anonymous_2)","decl":{"start":{"line":37,"column":21},"end":{"line":37,"column":22}},"loc":{"start":{"line":37,"column":31},"end":{"line":39,"column":3}},"line":37}},"branchMap":{"0":{"loc":{"start":{"line":25,"column":2},"end":{"line":27,"column":3}},"type":"if","locations":[{"start":{"line":25,"column":2},"end":{"line":27,"column":3}},{"start":{},"end":{}}],"line":25},"1":{"loc":{"start":{"line":30,"column":11},"end":{"line":30,"column":56}},"type":"cond-expr","locations":[{"start":{"line":30,"column":44},"end":{"line":30,"column":48}},{"start":{"line":30,"column":51},"end":{"line":30,"column":56}}],"line":30},"2":{"loc":{"start":{"line":33,"column":2},"end":{"line":35,"column":3}},"type":"if","locations":[{"start":{"line":33,"column":2},"end":{"line":35,"column":3}},{"start":{},"end":{}}],"line":33},"3":{"loc":{"start":{"line":33,"column":6},"end":{"line":33,"column":41}},"type":"binary-expr","locations":[{"start":{"line":33,"column":6},"end":{"line":33,"column":23}},{"start":{"line":33,"column":27},"end":{"line":33,"column":41}}],"line":33},"4":{"loc":{"start":{"line":48,"column":4},"end":{"line":52,"column":5}},"type":"if","locations":[{"start":{"line":48,"column":4},"end":{"line":52,"column":5}},{"start":{"line":50,"column":11},"end":{"line":52,"column":5}}],"line":48}},"s":{"0":1,"1":13,"2":1,"3":12,"4":1,"5":12,"6":1,"7":11,"8":11,"9":11,"10":11,"11":11,"12":11,"13":11,"14":11,"15":11,"16":3,"17":8,"18":1,"19":1},"f":{"0":13,"1":1,"2":11},"b":{"0":[1,12],"1":[1,0],"2":[1,11],"3":[12,1],"4":[3,8]},"_coverageSchema":"1a1c01bbd47fc00a2c39e90264f33305004495a9","hash":"97449b531121f909f9c9ed9d5028a6d1beb06904"}
}
