TN:
SF:palindrome-checker/isPalindrome.js
FN:24,(anonymous_0)
FN:29,(anonymous_1)
FN:37,(anonymous_2)
FNF:3
FNH:3
FNDA:13,(anonymous_0)
FNDA:1,(anonymous_1)
FNDA:11,(anonymous_2)
DA:24,1
DA:25,13
DA:26,1
DA:29,12
DA:30,1
DA:33,12
DA:34,1
DA:37,11
DA:38,11
DA:41,11
DA:42,11
DA:43,11
DA:45,11
DA:46,11
DA:47,11
DA:48,11
DA:49,3
DA:51,8
DA:57,1
DA:59,1
LF:20
LH:20
BRDA:25,0,0,1
BRDA:25,0,1,12
BRDA:30,1,0,1
BRDA:30,1,1,0
BRDA:33,2,0,1
BRDA:33,2,1,11
BRDA:33,3,0,12
BRDA:33,3,1,1
BRDA:48,4,0,3
BRDA:48,4,1,8
BRF:10
BRH:9
end_of_record
